This is pdfTeX, Version 3.141592653-2.6-1.40.24 (MiKTeX 22.1) (preloaded format=pdflatex 2021.12.14)  29 JUL 2022 14:01
entering extended mode
 restricted \write18 enabled.
 %&-line parsing enabled.
**./Docking.tex
(Docking.tex
LaTeX2e <2021-06-01> patch level 1
L3 programming layer <2021-10-18>
(/home/gerardo/.miktex/texmfs/install/tex/latex/base/article.cls
Document Class: article 2021/02/12 v1.4n Standard LaTeX document class
(/home/gerardo/.miktex/texmfs/install/tex/latex/base/size12.clo
File: size12.clo 2021/02/12 v1.4n Standard LaTeX file (size option)
)
\c@part=\count182
\c@section=\count183
\c@subsection=\count184
\c@subsubsection=\count185
\c@paragraph=\count186
\c@subparagraph=\count187
\c@figure=\count188
\c@table=\count189
\abovecaptionskip=\skip47
\belowcaptionskip=\skip48
\bibindent=\dimen138
)
(/home/gerardo/.miktex/texmfs/install/tex/latex/graphics/graphicx.sty
Package: graphicx 2020/12/05 v1.2c Enhanced LaTeX Graphics (DPC,SPQR)

(/home/gerardo/.miktex/texmfs/install/tex/latex/graphics/keyval.sty
Package: keyval 2014/10/28 v1.15 key=value parser (DPC)
\KV@toks@=\toks16
)
(/home/gerardo/.miktex/texmfs/install/tex/latex/graphics/graphics.sty
Package: graphics 2021/03/04 v1.4d Standard LaTeX Graphics (DPC,SPQR)

(/home/gerardo/.miktex/texmfs/install/tex/latex/graphics/trig.sty
Package: trig 2016/01/03 v1.10 sin cos tan (DPC)
)
(/home/gerardo/.miktex/texmfs/install/tex/latex/graphics-cfg/graphics.cfg
File: graphics.cfg 2016/06/04 v1.11 sample graphics configuration
)
Package graphics Info: Driver file: pdftex.def on input line 107.

(/home/gerardo/.miktex/texmfs/install/tex/latex/graphics-def/pdftex.def
File: pdftex.def 2020/10/05 v1.2a Graphics/color driver for pdftex
))
\Gin@req@height=\dimen139
\Gin@req@width=\dimen140
)
(/home/gerardo/.miktex/texmfs/install/tex/latex/hyperref/hyperref.sty
Package: hyperref 2021-06-07 v7.00m Hypertext links for LaTeX

(/home/gerardo/.miktex/texmfs/install/tex/generic/ltxcmds/ltxcmds.sty
Package: ltxcmds 2020-05-10 v1.25 LaTeX kernel commands for general use (HO)
)
(/home/gerardo/.miktex/texmfs/install/tex/generic/iftex/iftex.sty
Package: iftex 2020/03/06 v1.0d TeX engine tests
)
(/home/gerardo/.miktex/texmfs/install/tex/generic/pdftexcmds/pdftexcmds.sty
Package: pdftexcmds 2020-06-27 v0.33 Utility functions of pdfTeX for LuaTeX (HO
)

(/home/gerardo/.miktex/texmfs/install/tex/generic/infwarerr/infwarerr.sty
Package: infwarerr 2019/12/03 v1.5 Providing info/warning/error messages (HO)
)
Package pdftexcmds Info: \pdf@primitive is available.
Package pdftexcmds Info: \pdf@ifprimitive is available.
Package pdftexcmds Info: \pdfdraftmode found.
)
(/home/gerardo/.miktex/texmfs/install/tex/generic/kvsetkeys/kvsetkeys.sty
Package: kvsetkeys 2019/12/15 v1.18 Key value parser (HO)
)
(/home/gerardo/.miktex/texmfs/install/tex/generic/kvdefinekeys/kvdefinekeys.sty
Package: kvdefinekeys 2019-12-19 v1.6 Define keys (HO)
) (/home/gerardo/.miktex/texmfs/install/tex/generic/pdfescape/pdfescape.sty
Package: pdfescape 2019/12/09 v1.15 Implements pdfTeX's escape features (HO)
)
(/home/gerardo/.miktex/texmfs/install/tex/latex/hycolor/hycolor.sty
Package: hycolor 2020-01-27 v1.10 Color options for hyperref/bookmark (HO)
)
(/home/gerardo/.miktex/texmfs/install/tex/latex/letltxmacro/letltxmacro.sty
Package: letltxmacro 2019/12/03 v1.6 Let assignment for LaTeX macros (HO)
)
(/home/gerardo/.miktex/texmfs/install/tex/latex/auxhook/auxhook.sty
Package: auxhook 2019-12-17 v1.6 Hooks for auxiliary files (HO)
)
(/home/gerardo/.miktex/texmfs/install/tex/latex/kvoptions/kvoptions.sty
Package: kvoptions 2020-10-07 v3.14 Key value format for package options (HO)
)
\@linkdim=\dimen141
\Hy@linkcounter=\count190
\Hy@pagecounter=\count191

(/home/gerardo/.miktex/texmfs/install/tex/latex/hyperref/pd1enc.def
File: pd1enc.def 2021-06-07 v7.00m Hyperref: PDFDocEncoding definition (HO)
Now handling font encoding PD1 ...
... no UTF-8 mapping file for font encoding PD1
)
(/home/gerardo/.miktex/texmfs/install/tex/latex/hyperref/hyperref-langpatches.d
ef
File: hyperref-langpatches.def 2021-06-07 v7.00m Hyperref: patches for babel la
nguages
) (/home/gerardo/.miktex/texmfs/install/tex/generic/intcalc/intcalc.sty
Package: intcalc 2019/12/15 v1.3 Expandable calculations with integers (HO)
)
(/home/gerardo/.miktex/texmfs/install/tex/generic/etexcmds/etexcmds.sty
Package: etexcmds 2019/12/15 v1.7 Avoid name clashes with e-TeX commands (HO)
)
\Hy@SavedSpaceFactor=\count192

(/home/gerardo/.miktex/texmfs/install/tex/latex/hyperref/puenc.def
File: puenc.def 2021-06-07 v7.00m Hyperref: PDF Unicode definition (HO)
Now handling font encoding PU ...
... no UTF-8 mapping file for font encoding PU
)
Package hyperref Info: Hyper figures OFF on input line 4192.
Package hyperref Info: Link nesting OFF on input line 4197.
Package hyperref Info: Hyper index ON on input line 4200.
Package hyperref Info: Plain pages OFF on input line 4207.
Package hyperref Info: Backreferencing OFF on input line 4212.
Package hyperref Info: Implicit mode ON; LaTeX internals redefined.
Package hyperref Info: Bookmarks ON on input line 4445.
\c@Hy@tempcnt=\count193

(/home/gerardo/.miktex/texmfs/install/tex/latex/url/url.sty
\Urlmuskip=\muskip16
Package: url 2013/09/16  ver 3.4  Verb mode for urls, etc.
)
LaTeX Info: Redefining \url on input line 4804.
\XeTeXLinkMargin=\dimen142

(/home/gerardo/.miktex/texmfs/install/tex/generic/bitset/bitset.sty
Package: bitset 2019/12/09 v1.3 Handle bit-vector datatype (HO)

(/home/gerardo/.miktex/texmfs/install/tex/generic/bigintcalc/bigintcalc.sty
Package: bigintcalc 2019/12/15 v1.5 Expandable calculations on big integers (HO
)
))
\Fld@menulength=\count194
\Field@Width=\dimen143
\Fld@charsize=\dimen144
Package hyperref Info: Hyper figures OFF on input line 6076.
Package hyperref Info: Link nesting OFF on input line 6081.
Package hyperref Info: Hyper index ON on input line 6084.
Package hyperref Info: backreferencing OFF on input line 6091.
Package hyperref Info: Link coloring OFF on input line 6096.
Package hyperref Info: Link coloring with OCG OFF on input line 6101.
Package hyperref Info: PDF/A mode OFF on input line 6106.
LaTeX Info: Redefining \ref on input line 6146.
LaTeX Info: Redefining \pageref on input line 6150.

(/home/gerardo/.miktex/texmfs/install/tex/latex/base/atbegshi-ltx.sty
Package: atbegshi-ltx 2021/01/10 v1.0c Emulation of the original atbegshi
package with kernel methods
)
\Hy@abspage=\count195
\c@Item=\count196
\c@Hfootnote=\count197
)
Package hyperref Info: Driver (autodetected): hpdftex.

(/home/gerardo/.miktex/texmfs/install/tex/latex/hyperref/hpdftex.def
File: hpdftex.def 2021-06-07 v7.00m Hyperref driver for pdfTeX

(/home/gerardo/.miktex/texmfs/install/tex/latex/base/atveryend-ltx.sty
Package: atveryend-ltx 2020/08/19 v1.0a Emulation of the original atvery packag
e
with kernel methods
)
\Fld@listcount=\count198
\c@bookmark@seq@number=\count199

(/home/gerardo/.miktex/texmfs/install/tex/latex/rerunfilecheck/rerunfilecheck.s
ty
Package: rerunfilecheck 2019/12/05 v1.9 Rerun checks for auxiliary files (HO)

(/home/gerardo/.miktex/texmfs/install/tex/generic/uniquecounter/uniquecounter.s
ty
Package: uniquecounter 2019/12/15 v1.4 Provide unlimited unique counter (HO)
)
Package uniquecounter Info: New unique counter `rerunfilecheck' on input line 2
86.
)
\Hy@SectionHShift=\skip49
) (/home/gerardo/.miktex/texmfs/install/tex/latex/placeins/placeins.sty
Package: placeins 2005/04/18  v 2.2
)
(/home/gerardo/.miktex/texmfs/install/tex/latex/geometry/geometry.sty
Package: geometry 2020/01/02 v5.9 Page Geometry

(/home/gerardo/.miktex/texmfs/install/tex/generic/iftex/ifvtex.sty
Package: ifvtex 2019/10/25 v1.7 ifvtex legacy package. Use iftex instead.
)
\Gm@cnth=\count266
\Gm@cntv=\count267
\c@Gm@tempcnt=\count268
\Gm@bindingoffset=\dimen145
\Gm@wd@mp=\dimen146
\Gm@odd@mp=\dimen147
\Gm@even@mp=\dimen148
\Gm@layoutwidth=\dimen149
\Gm@layoutheight=\dimen150
\Gm@layouthoffset=\dimen151
\Gm@layoutvoffset=\dimen152
\Gm@dimlist=\toks17

(/home/gerardo/.miktex/texmfs/install/tex/latex/geometry/geometry.cfg))
(/home/gerardo/.miktex/texmfs/install/tex/latex/setspace/setspace.sty
Package: setspace 2011/12/19 v6.7a set line spacing
)
(/home/gerardo/.miktex/texmfs/install/tex/latex/fancyhdr/fancyhdr.sty
Package: fancyhdr 2021/01/28 v4.0.1 Extensive control of page headers and foote
rs
\f@nch@headwidth=\skip50
\f@nch@O@elh=\skip51
\f@nch@O@erh=\skip52
\f@nch@O@olh=\skip53
\f@nch@O@orh=\skip54
\f@nch@O@elf=\skip55
\f@nch@O@erf=\skip56
\f@nch@O@olf=\skip57
\f@nch@O@orf=\skip58
)
(/home/gerardo/.miktex/texmfs/install/tex/latex/natbib/natbib.sty
Package: natbib 2010/09/13 8.31b (PWD, AO)
\bibhang=\skip59
\bibsep=\skip60
LaTeX Info: Redefining \cite on input line 694.
\c@NAT@ctr=\count269
)
(/home/gerardo/.miktex/texmfs/install/tex/latex/mol2chemfig/mol2chemfig.sty
Package: mol2chemfig 2019/11/24 v1.5

(/home/gerardo/.miktex/texmfs/install/tex/latex/xcolor/xcolor.sty
Package: xcolor 2021/10/31 v2.13 LaTeX color extensions (UK)

(/home/gerardo/.miktex/texmfs/install/tex/latex/graphics-cfg/color.cfg
File: color.cfg 2016/01/02 v1.6 sample color configuration
)
Package xcolor Info: Driver file: pdftex.def on input line 227.
Package xcolor Info: Model `cmy' substituted by `cmy0' on input line 1352.
Package xcolor Info: Model `hsb' substituted by `rgb' on input line 1356.
Package xcolor Info: Model `RGB' extended on input line 1368.
Package xcolor Info: Model `HTML' substituted by `rgb' on input line 1370.
Package xcolor Info: Model `Hsb' substituted by `hsb' on input line 1371.
Package xcolor Info: Model `tHsb' substituted by `hsb' on input line 1372.
Package xcolor Info: Model `HSB' substituted by `hsb' on input line 1373.
Package xcolor Info: Model `Gray' substituted by `gray' on input line 1374.
Package xcolor Info: Model `wave' substituted by `hsb' on input line 1375.
)
(/home/gerardo/.miktex/texmfs/install/tex/latex/chemfig/chemfig.sty
(/home/gerardo/.miktex/texmfs/install/tex/latex/pgf/frontendlayer/tikz.sty
(/home/gerardo/.miktex/texmfs/install/tex/latex/pgf/basiclayer/pgf.sty
(/home/gerardo/.miktex/texmfs/install/tex/latex/pgf/utilities/pgfrcs.sty
(/home/gerardo/.miktex/texmfs/install/tex/generic/pgf/utilities/pgfutil-common.
tex
\pgfutil@everybye=\toks18
\pgfutil@tempdima=\dimen153
\pgfutil@tempdimb=\dimen154

(/home/gerardo/.miktex/texmfs/install/tex/generic/pgf/utilities/pgfutil-common-
lists.tex))
(/home/gerardo/.miktex/texmfs/install/tex/generic/pgf/utilities/pgfutil-latex.d
ef
\pgfutil@abb=\box50
)
(/home/gerardo/.miktex/texmfs/install/tex/generic/pgf/utilities/pgfrcs.code.tex
(/home/gerardo/.miktex/texmfs/install/tex/generic/pgf/pgf.revision.tex)
Package: pgfrcs 2021/05/15 v3.1.9a (3.1.9a)
))
Package: pgf 2021/05/15 v3.1.9a (3.1.9a)

(/home/gerardo/.miktex/texmfs/install/tex/latex/pgf/basiclayer/pgfcore.sty
(/home/gerardo/.miktex/texmfs/install/tex/latex/pgf/systemlayer/pgfsys.sty
(/home/gerardo/.miktex/texmfs/install/tex/generic/pgf/systemlayer/pgfsys.code.t
ex
Package: pgfsys 2021/05/15 v3.1.9a (3.1.9a)

(/home/gerardo/.miktex/texmfs/install/tex/generic/pgf/utilities/pgfkeys.code.te
x
\pgfkeys@pathtoks=\toks19
\pgfkeys@temptoks=\toks20

(/home/gerardo/.miktex/texmfs/install/tex/generic/pgf/utilities/pgfkeysfiltered
.code.tex
\pgfkeys@tmptoks=\toks21
))
\pgf@x=\dimen155
\pgf@y=\dimen156
\pgf@xa=\dimen157
\pgf@ya=\dimen158
\pgf@xb=\dimen159
\pgf@yb=\dimen160
\pgf@xc=\dimen161
\pgf@yc=\dimen162
\pgf@xd=\dimen163
\pgf@yd=\dimen164
\w@pgf@writea=\write3
\r@pgf@reada=\read2
\c@pgf@counta=\count270
\c@pgf@countb=\count271
\c@pgf@countc=\count272
\c@pgf@countd=\count273
\t@pgf@toka=\toks22
\t@pgf@tokb=\toks23
\t@pgf@tokc=\toks24
\pgf@sys@id@count=\count274

(/home/gerardo/.miktex/texmfs/install/tex/generic/pgf/systemlayer/pgf.cfg
File: pgf.cfg 2021/05/15 v3.1.9a (3.1.9a)
)
Driver file for pgf: pgfsys-pdftex.def

(/home/gerardo/.miktex/texmfs/install/tex/generic/pgf/systemlayer/pgfsys-pdftex
.def
File: pgfsys-pdftex.def 2021/05/15 v3.1.9a (3.1.9a)

(/home/gerardo/.miktex/texmfs/install/tex/generic/pgf/systemlayer/pgfsys-common
-pdf.def
File: pgfsys-common-pdf.def 2021/05/15 v3.1.9a (3.1.9a)
)))
(/home/gerardo/.miktex/texmfs/install/tex/generic/pgf/systemlayer/pgfsyssoftpat
h.code.tex
File: pgfsyssoftpath.code.tex 2021/05/15 v3.1.9a (3.1.9a)
\pgfsyssoftpath@smallbuffer@items=\count275
\pgfsyssoftpath@bigbuffer@items=\count276
)
(/home/gerardo/.miktex/texmfs/install/tex/generic/pgf/systemlayer/pgfsysprotoco
l.code.tex
File: pgfsysprotocol.code.tex 2021/05/15 v3.1.9a (3.1.9a)
))
(/home/gerardo/.miktex/texmfs/install/tex/generic/pgf/basiclayer/pgfcore.code.t
ex
Package: pgfcore 2021/05/15 v3.1.9a (3.1.9a)
 (/home/gerardo/.miktex/texmfs/install/tex/generic/pgf/math/pgfmath.code.tex
(/home/gerardo/.miktex/texmfs/install/tex/generic/pgf/math/pgfmathcalc.code.tex

(/home/gerardo/.miktex/texmfs/install/tex/generic/pgf/math/pgfmathutil.code.tex
)
(/home/gerardo/.miktex/texmfs/install/tex/generic/pgf/math/pgfmathparser.code.t
ex
\pgfmath@dimen=\dimen165
\pgfmath@count=\count277
\pgfmath@box=\box51
\pgfmath@toks=\toks25
\pgfmath@stack@operand=\toks26
\pgfmath@stack@operation=\toks27
)
(/home/gerardo/.miktex/texmfs/install/tex/generic/pgf/math/pgfmathfunctions.cod
e.tex
(/home/gerardo/.miktex/texmfs/install/tex/generic/pgf/math/pgfmathfunctions.bas
ic.code.tex)
(/home/gerardo/.miktex/texmfs/install/tex/generic/pgf/math/pgfmathfunctions.tri
gonometric.code.tex)
(/home/gerardo/.miktex/texmfs/install/tex/generic/pgf/math/pgfmathfunctions.ran
dom.code.tex)
(/home/gerardo/.miktex/texmfs/install/tex/generic/pgf/math/pgfmathfunctions.com
parison.code.tex)
(/home/gerardo/.miktex/texmfs/install/tex/generic/pgf/math/pgfmathfunctions.bas
e.code.tex)
(/home/gerardo/.miktex/texmfs/install/tex/generic/pgf/math/pgfmathfunctions.rou
nd.code.tex)
(/home/gerardo/.miktex/texmfs/install/tex/generic/pgf/math/pgfmathfunctions.mis
c.code.tex)
(/home/gerardo/.miktex/texmfs/install/tex/generic/pgf/math/pgfmathfunctions.int
egerarithmetics.code.tex)))
(/home/gerardo/.miktex/texmfs/install/tex/generic/pgf/math/pgfmathfloat.code.te
x
\c@pgfmathroundto@lastzeros=\count278
)) (/home/gerardo/.miktex/texmfs/install/tex/generic/pgf/math/pgfint.code.tex)
(/home/gerardo/.miktex/texmfs/install/tex/generic/pgf/basiclayer/pgfcorepoints.
code.tex
File: pgfcorepoints.code.tex 2021/05/15 v3.1.9a (3.1.9a)
\pgf@picminx=\dimen166
\pgf@picmaxx=\dimen167
\pgf@picminy=\dimen168
\pgf@picmaxy=\dimen169
\pgf@pathminx=\dimen170
\pgf@pathmaxx=\dimen171
\pgf@pathminy=\dimen172
\pgf@pathmaxy=\dimen173
\pgf@xx=\dimen174
\pgf@xy=\dimen175
\pgf@yx=\dimen176
\pgf@yy=\dimen177
\pgf@zx=\dimen178
\pgf@zy=\dimen179
)
(/home/gerardo/.miktex/texmfs/install/tex/generic/pgf/basiclayer/pgfcorepathcon
struct.code.tex
File: pgfcorepathconstruct.code.tex 2021/05/15 v3.1.9a (3.1.9a)
\pgf@path@lastx=\dimen180
\pgf@path@lasty=\dimen181
)
(/home/gerardo/.miktex/texmfs/install/tex/generic/pgf/basiclayer/pgfcorepathusa
ge.code.tex
File: pgfcorepathusage.code.tex 2021/05/15 v3.1.9a (3.1.9a)
\pgf@shorten@end@additional=\dimen182
\pgf@shorten@start@additional=\dimen183
)
(/home/gerardo/.miktex/texmfs/install/tex/generic/pgf/basiclayer/pgfcorescopes.
code.tex
File: pgfcorescopes.code.tex 2021/05/15 v3.1.9a (3.1.9a)
\pgfpic=\box52
\pgf@hbox=\box53
\pgf@layerbox@main=\box54
\pgf@picture@serial@count=\count279
)
(/home/gerardo/.miktex/texmfs/install/tex/generic/pgf/basiclayer/pgfcoregraphic
state.code.tex
File: pgfcoregraphicstate.code.tex 2021/05/15 v3.1.9a (3.1.9a)
\pgflinewidth=\dimen184
)
(/home/gerardo/.miktex/texmfs/install/tex/generic/pgf/basiclayer/pgfcoretransfo
rmations.code.tex
File: pgfcoretransformations.code.tex 2021/05/15 v3.1.9a (3.1.9a)
\pgf@pt@x=\dimen185
\pgf@pt@y=\dimen186
\pgf@pt@temp=\dimen187
)
(/home/gerardo/.miktex/texmfs/install/tex/generic/pgf/basiclayer/pgfcorequick.c
ode.tex
File: pgfcorequick.code.tex 2021/05/15 v3.1.9a (3.1.9a)
)
(/home/gerardo/.miktex/texmfs/install/tex/generic/pgf/basiclayer/pgfcoreobjects
.code.tex
File: pgfcoreobjects.code.tex 2021/05/15 v3.1.9a (3.1.9a)
)
(/home/gerardo/.miktex/texmfs/install/tex/generic/pgf/basiclayer/pgfcorepathpro
cessing.code.tex
File: pgfcorepathprocessing.code.tex 2021/05/15 v3.1.9a (3.1.9a)
)
(/home/gerardo/.miktex/texmfs/install/tex/generic/pgf/basiclayer/pgfcorearrows.
code.tex
File: pgfcorearrows.code.tex 2021/05/15 v3.1.9a (3.1.9a)
\pgfarrowsep=\dimen188
)
(/home/gerardo/.miktex/texmfs/install/tex/generic/pgf/basiclayer/pgfcoreshade.c
ode.tex
File: pgfcoreshade.code.tex 2021/05/15 v3.1.9a (3.1.9a)
\pgf@max=\dimen189
\pgf@sys@shading@range@num=\count280
\pgf@shadingcount=\count281
)
(/home/gerardo/.miktex/texmfs/install/tex/generic/pgf/basiclayer/pgfcoreimage.c
ode.tex
File: pgfcoreimage.code.tex 2021/05/15 v3.1.9a (3.1.9a)

(/home/gerardo/.miktex/texmfs/install/tex/generic/pgf/basiclayer/pgfcoreexterna
l.code.tex
File: pgfcoreexternal.code.tex 2021/05/15 v3.1.9a (3.1.9a)
\pgfexternal@startupbox=\box55
))
(/home/gerardo/.miktex/texmfs/install/tex/generic/pgf/basiclayer/pgfcorelayers.
code.tex
File: pgfcorelayers.code.tex 2021/05/15 v3.1.9a (3.1.9a)
)
(/home/gerardo/.miktex/texmfs/install/tex/generic/pgf/basiclayer/pgfcoretranspa
rency.code.tex
File: pgfcoretransparency.code.tex 2021/05/15 v3.1.9a (3.1.9a)
)
(/home/gerardo/.miktex/texmfs/install/tex/generic/pgf/basiclayer/pgfcorepattern
s.code.tex
File: pgfcorepatterns.code.tex 2021/05/15 v3.1.9a (3.1.9a)
)
(/home/gerardo/.miktex/texmfs/install/tex/generic/pgf/basiclayer/pgfcorerdf.cod
e.tex
File: pgfcorerdf.code.tex 2021/05/15 v3.1.9a (3.1.9a)
)))
(/home/gerardo/.miktex/texmfs/install/tex/generic/pgf/modules/pgfmoduleshapes.c
ode.tex
File: pgfmoduleshapes.code.tex 2021/05/15 v3.1.9a (3.1.9a)
\pgfnodeparttextbox=\box56
)
(/home/gerardo/.miktex/texmfs/install/tex/generic/pgf/modules/pgfmoduleplot.cod
e.tex
File: pgfmoduleplot.code.tex 2021/05/15 v3.1.9a (3.1.9a)
)
(/home/gerardo/.miktex/texmfs/install/tex/latex/pgf/compatibility/pgfcomp-versi
on-0-65.sty
Package: pgfcomp-version-0-65 2021/05/15 v3.1.9a (3.1.9a)
\pgf@nodesepstart=\dimen190
\pgf@nodesepend=\dimen191
)
(/home/gerardo/.miktex/texmfs/install/tex/latex/pgf/compatibility/pgfcomp-versi
on-1-18.sty
Package: pgfcomp-version-1-18 2021/05/15 v3.1.9a (3.1.9a)
))
(/home/gerardo/.miktex/texmfs/install/tex/latex/pgf/utilities/pgffor.sty
(/home/gerardo/.miktex/texmfs/install/tex/latex/pgf/utilities/pgfkeys.sty
(/home/gerardo/.miktex/texmfs/install/tex/generic/pgf/utilities/pgfkeys.code.te
x)) (/home/gerardo/.miktex/texmfs/install/tex/latex/pgf/math/pgfmath.sty
(/home/gerardo/.miktex/texmfs/install/tex/generic/pgf/math/pgfmath.code.tex))
(/home/gerardo/.miktex/texmfs/install/tex/generic/pgf/utilities/pgffor.code.tex
Package: pgffor 2021/05/15 v3.1.9a (3.1.9a)
(/home/gerardo/.miktex/texmfs/install/tex/generic/pgf/math/pgfmath.code.tex)
\pgffor@iter=\dimen192
\pgffor@skip=\dimen193
\pgffor@stack=\toks28
\pgffor@toks=\toks29
))
(/home/gerardo/.miktex/texmfs/install/tex/generic/pgf/frontendlayer/tikz/tikz.c
ode.tex
Package: tikz 2021/05/15 v3.1.9a (3.1.9a)

(/home/gerardo/.miktex/texmfs/install/tex/generic/pgf/libraries/pgflibraryploth
andlers.code.tex
File: pgflibraryplothandlers.code.tex 2021/05/15 v3.1.9a (3.1.9a)
\pgf@plot@mark@count=\count282
\pgfplotmarksize=\dimen194
)
\tikz@lastx=\dimen195
\tikz@lasty=\dimen196
\tikz@lastxsaved=\dimen197
\tikz@lastysaved=\dimen198
\tikz@lastmovetox=\dimen199
\tikz@lastmovetoy=\dimen256
\tikzleveldistance=\dimen257
\tikzsiblingdistance=\dimen258
\tikz@figbox=\box57
\tikz@figbox@bg=\box58
\tikz@tempbox=\box59
\tikz@tempbox@bg=\box60
\tikztreelevel=\count283
\tikznumberofchildren=\count284
\tikznumberofcurrentchild=\count285
\tikz@fig@count=\count286

(/home/gerardo/.miktex/texmfs/install/tex/generic/pgf/modules/pgfmodulematrix.c
ode.tex
File: pgfmodulematrix.code.tex 2021/05/15 v3.1.9a (3.1.9a)
\pgfmatrixcurrentrow=\count287
\pgfmatrixcurrentcolumn=\count288
\pgf@matrix@numberofcolumns=\count289
)
\tikz@expandcount=\count290

(/home/gerardo/.miktex/texmfs/install/tex/generic/pgf/frontendlayer/tikz/librar
ies/tikzlibrarytopaths.code.tex
File: tikzlibrarytopaths.code.tex 2021/05/15 v3.1.9a (3.1.9a)
)))
(/home/gerardo/.miktex/texmfs/install/tex/generic/chemfig/chemfig.tex
(/home/gerardo/.miktex/texmfs/install/tex/generic/simplekv/simplekv.tex
Package: simplekv 2020/04/27 v0.2 Simple keyval package (CT)
)
(/home/gerardo/.miktex/texmfs/install/tex/generic/pgf/libraries/pgflibraryarrow
s.meta.code.tex
File: pgflibraryarrows.meta.code.tex 2021/05/15 v3.1.9a (3.1.9a)
\pgfarrowinset=\dimen259
\pgfarrowlength=\dimen260
\pgfarrowwidth=\dimen261
\pgfarrowlinewidth=\dimen262
)
\CF_cntatomgroup=\count291
\CF_cntgroup=\count292
\CF_cntatom=\count293
\CF_cntcycle=\count294
\CF_cntcyclebonds=\count295
\CF_cntcompound=\count296
\CF_dim=\dimen263
\CF_arrowsize=\dimen264
\CF_zero=\dimen265
\CF_box=\box61
\CF_boxstuff=\box62
\CF_testbox=\box63
\CF_chargebox=\box64
\CF_substtoks=\toks30
)
Package: chemfig 2021/08/01 v1.6b Draw molecule with an easy syntax (CT)
)
(/home/gerardo/.miktex/texmfs/install/tex/latex/oberdiek/twoopt.sty
Package: twoopt 2016/05/16 v1.6 Definitions with two optional arguments (HO)
)
(/home/gerardo/.miktex/texmfs/install/tex/latex/ifmtarg/ifmtarg.sty
Package: ifmtarg 2018/04/16 v1.2b check for an empty argument
)
(/home/gerardo/.miktex/texmfs/install/tex/latex/tools/calc.sty
Package: calc 2017/05/25 v4.3 Infix arithmetic (KKT,FJ)
\calc@Acount=\count297
\calc@Bcount=\count298
\calc@Adimen=\dimen266
\calc@Bdimen=\dimen267
\calc@Askip=\skip61
\calc@Bskip=\skip62
LaTeX Info: Redefining \setlength on input line 80.
LaTeX Info: Redefining \addtolength on input line 81.
\calc@Ccount=\count299
\calc@Cskip=\skip63
)
(/home/gerardo/.miktex/texmfs/install/tex/latex/xstring/xstring.sty
(/home/gerardo/.miktex/texmfs/install/tex/generic/xstring/xstring.tex
\integerpart=\count300
\decimalpart=\count301
)
Package: xstring 2021/07/21 v1.84 String manipulations (CT)
)
(/home/gerardo/.miktex/texmfs/install/tex/generic/pgf/frontendlayer/tikz/librar
ies/tikzlibrarydecorations.code.tex
(/home/gerardo/.miktex/texmfs/install/tex/generic/pgf/modules/pgfmoduledecorati
ons.code.tex
\pgfdecoratedcompleteddistance=\dimen268
\pgfdecoratedremainingdistance=\dimen269
\pgfdecoratedinputsegmentcompleteddistance=\dimen270
\pgfdecoratedinputsegmentremainingdistance=\dimen271
\pgf@decorate@distancetomove=\dimen272
\pgf@decorate@repeatstate=\count302
\pgfdecorationsegmentamplitude=\dimen273
\pgfdecorationsegmentlength=\dimen274
)
\tikz@lib@dec@box=\box65
)
\mcfvspace=\skip64
\mcf@boxwidth=\skip65
\mcf@boxheight=\skip66
)
(/home/gerardo/.miktex/texmfs/install/tex/latex/l3backend/l3backend-pdftex.def
File: l3backend-pdftex.def 2021-10-18 L3 backend support: PDF output (pdfTeX)
\l__color_backend_stack_int=\count303
\l__pdf_internal_box=\box66
) (Docking.aux)
\openout1 = `Docking.aux'.

LaTeX Font Info:    Checking defaults for OML/cmm/m/it on input line 20.
LaTeX Font Info:    ... okay on input line 20.
LaTeX Font Info:    Checking defaults for OMS/cmsy/m/n on input line 20.
LaTeX Font Info:    ... okay on input line 20.
LaTeX Font Info:    Checking defaults for OT1/cmr/m/n on input line 20.
LaTeX Font Info:    ... okay on input line 20.
LaTeX Font Info:    Checking defaults for T1/cmr/m/n on input line 20.
LaTeX Font Info:    ... okay on input line 20.
LaTeX Font Info:    Checking defaults for TS1/cmr/m/n on input line 20.
LaTeX Font Info:    ... okay on input line 20.
LaTeX Font Info:    Checking defaults for OMX/cmex/m/n on input line 20.
LaTeX Font Info:    ... okay on input line 20.
LaTeX Font Info:    Checking defaults for U/cmr/m/n on input line 20.
LaTeX Font Info:    ... okay on input line 20.
LaTeX Font Info:    Checking defaults for PD1/pdf/m/n on input line 20.
LaTeX Font Info:    ... okay on input line 20.
LaTeX Font Info:    Checking defaults for PU/pdf/m/n on input line 20.
LaTeX Font Info:    ... okay on input line 20.

(/home/gerardo/.miktex/texmfs/install/tex/context/base/mkii/supp-pdf.mkii
[Loading MPS to PDF converter (version 2006.09.02).]
\scratchcounter=\count304
\scratchdimen=\dimen275
\scratchbox=\box67
\nofMPsegments=\count305
\nofMParguments=\count306
\everyMPshowfont=\toks31
\MPscratchCnt=\count307
\MPscratchDim=\dimen276
\MPnumerator=\count308
\makeMPintoPDFobject=\count309
\everyMPtoPDFconversion=\toks32
)
(/home/gerardo/.miktex/texmfs/install/tex/latex/epstopdf-pkg/epstopdf-base.sty
Package: epstopdf-base 2020-01-24 v2.11 Base part for package epstopdf
Package epstopdf-base Info: Redefining graphics rule for `.eps' on input line 4
85.

(/home/gerardo/.miktex/texmfs/install/tex/latex/00miktex/epstopdf-sys.cfg
File: epstopdf-sys.cfg 2021/03/18 v2.0 Configuration of epstopdf for MiKTeX
))
Package hyperref Info: Link coloring OFF on input line 20.

(/home/gerardo/.miktex/texmfs/install/tex/latex/hyperref/nameref.sty
Package: nameref 2021-04-02 v2.47 Cross-referencing by name of section

(/home/gerardo/.miktex/texmfs/install/tex/latex/refcount/refcount.sty
Package: refcount 2019/12/15 v3.6 Data extraction from label references (HO)
)
(/home/gerardo/.miktex/texmfs/install/tex/generic/gettitlestring/gettitlestring
.sty
Package: gettitlestring 2019/12/15 v1.6 Cleanup title references (HO)
)
\c@section@level=\count310
)
LaTeX Info: Redefining \ref on input line 20.
LaTeX Info: Redefining \pageref on input line 20.
LaTeX Info: Redefining \nameref on input line 20.
 (Docking.out) (Docking.out)
\@outlinefile=\write4
\openout4 = `Docking.out'.


*geometry* driver: auto-detecting
*geometry* detected driver: pdftex
*geometry* verbose mode - [ preamble ] result:
* driver: pdftex
* paper: a4paper
* layout: <same size as paper>
* layoutoffset:(h,v)=(0.0pt,0.0pt)
* modes: includehead includefoot 
* h-part:(L,W,R)=(31.53711pt, 534.43364pt, 31.53712pt)
* v-part:(T,H,B)=(25.03146pt, 782.46812pt, 37.54726pt)
* \paperwidth=597.50787pt
* \paperheight=845.04684pt
* \textwidth=534.43364pt
* \textheight=715.46812pt
* \oddsidemargin=-40.73288pt
* \evensidemargin=-40.73288pt
* \topmargin=-47.23853pt
* \headheight=12.0pt
* \headsep=25.0pt
* \topskip=12.0pt
* \footskip=30.0pt
* \marginparwidth=44.0pt
* \marginparsep=10.0pt
* \columnsep=10.0pt
* \skip\footins=10.8pt plus 4.0pt minus 2.0pt
* \hoffset=0.0pt
* \voffset=0.0pt
* \mag=1000
* \@twocolumnfalse
* \@twosidefalse
* \@mparswitchfalse
* \@reversemarginfalse
* (1in=72.27pt=25.4mm, 1cm=28.453pt)

LaTeX Font Info:    External font `cmex10' loaded for size
(Font)              <14.4> on input line 26.
LaTeX Font Info:    External font `cmex10' loaded for size
(Font)              <7> on input line 26.
<../2/Transcripts/6.png, id=6, 1204.5pt x 700.11563pt>
File: ../2/Transcripts/6.png Graphic file (type png)
<use ../2/Transcripts/6.png>
Package pdftex.def Info: ../2/Transcripts/6.png  used on input line 32.
(pdftex.def)             Requested size: 542.02pt x 315.04912pt.

Overfull \hbox (7.58636pt too wide) in paragraph at lines 32--33
 [][] 
 []

[1

{/home/gerardo/.miktex/texmfs/data/fonts/map/pdftex/pdftex.map} <../2/Transcrip
ts/6.png (PNG copy)>]
Underfull \hbox (badness 10000) in paragraph at lines 39--41

 []

(../Images/chem/phenylalanine.tex
LaTeX Font Info:    External font `cmex10' loaded for size
(Font)              <5> on input line 2.
) (../Images/chem/cinnamic.tex)
LaTeX Font Info:    External font `cmex10' loaded for size
(Font)              <12> on input line 48.
LaTeX Font Info:    External font `cmex10' loaded for size
(Font)              <8> on input line 48.
LaTeX Font Info:    External font `cmex10' loaded for size
(Font)              <6> on input line 48.

(../Images/chem/ammonia.tex)
<../Images/SB.png, id=15, 1268.0976pt x 604.8999pt>
File: ../Images/SB.png Graphic file (type png)
<use ../Images/SB.png>
Package pdftex.def Info: ../Images/SB.png  used on input line 51.
(pdftex.def)             Requested size: 63.40858pt x 30.24677pt.
<../Images/IDL.png, id=17, 417.56pt x 203.76125pt>
File: ../Images/IDL.png Graphic file (type png)
<use ../Images/IDL.png>
Package pdftex.def Info: ../Images/IDL.png  used on input line 51.
(pdftex.def)             Requested size: 41.75844pt x 20.3773pt.


Package fancyhdr Warning: \headheight is too small (12.0pt): 
(fancyhdr)                Make it at least 34.5968pt, for example:
(fancyhdr)                \setlength{\headheight}{34.5968pt}.
(fancyhdr)                You might also make \topmargin smaller to compensate:

(fancyhdr)                \addtolength{\topmargin}{-22.5968pt}.

[2 <../Images/SB.png> <../Images/IDL.png>] (Docking.aux)
Package rerunfilecheck Info: File `Docking.out' has not changed.
(rerunfilecheck)             Checksum: D41D8CD98F00B204E9800998ECF8427E;0.
 ) 
Here is how much of TeX's memory you used:
 21741 strings out of 480820
 407822 string characters out of 2902872
 723354 words of memory out of 3000000
 39008 multiletter control sequences out of 15000+600000
 407378 words of font info for 40 fonts, out of 8000000 for 9000
 0 hyphenation exceptions out of 8191
 114i,16n,111p,788b,1716s stack positions out of 5000i,500n,10000p,200000b,80000s
</home/gerardo/.miktex/texmfs/install/fonts/type1/public/amsfonts/cm/cmr10.pf
b></home/gerardo/.miktex/texmfs/install/fonts/type1/public/amsfonts/cm/cmr12.pf
b></home/gerardo/.miktex/texmfs/install/fonts/type1/public/amsfonts/cm/cmr17.pf
b></home/gerardo/.miktex/texmfs/install/fonts/type1/public/amsfonts/cm/cmr7.pfb
></home/gerardo/.miktex/texmfs/install/fonts/type1/public/amsfonts/cm/cmr8.pfb>

Output written on Docking.pdf (2 pages, 380681 bytes).
PDF statistics:
 50 PDF objects out of 1000 (max. 8388607)
 4 named destinations out of 1000 (max. 500000)
 28 words of extra memory for PDF output out of 10000 (max. 10000000)

